{
  "RSpec": {
    "coverage": {
      "/Users/ben/Projects/sample_app/spec/controllers/static_pages_controller_spec.rb": [
        1,
        1,
        null,
        1,
        null,
        1,
        1,
        1,
        1,
        null,
        null,
        null,
        1,
        1,
        1,
        1,
        null,
        null,
        null,
        1,
        1,
        1,
        1,
        null,
        null,
        null,
        1,
        1,
        1,
        1,
        null,
        null,
        null,
        null
      ],
      "/Users/ben/Projects/sample_app/spec/rails_helper.rb": [
        null,
        1,
        1,
        1,
        null,
        1,
        1,
        null,
        null,
        null,
        null,
        null,
        null,
        null,
        null,
        null,
        null,
        null,
        null,
        null,
        null,
        null,
        null,
        null,
        null,
        null,
        1,
        null,
        1,
        null,
        1,
        null,
        null,
        null,
        null,
        null,
        1,
        null,
        null,
        null,
        null,
        null,
        null,
        null,
        null,
        null,
        null,
        null,
        null,
        null,
        null,
        1,
        null,
        null,
        1,
        null,
        null,
        null
      ],
      "/Users/ben/Projects/sample_app/config/environment.rb": [
        null,
        1,
        null,
        null,
        1
      ],
      "/Users/ben/Projects/sample_app/config/application.rb": [
        1,
        null,
        1,
        null,
        null,
        null,
        1,
        null,
        1,
        1,
        null,
        1,
        null,
        null,
        null,
        null,
        null,
        null
      ],
      "/Users/ben/Projects/sample_app/config/boot.rb": [
        1,
        null,
        1
      ],
      "/Users/ben/Projects/sample_app/config/environments/test.rb": [
        1,
        null,
        null,
        null,
        null,
        null,
        null,
        1,
        null,
        null,
        null,
        null,
        1,
        null,
        null,
        1,
        1,
        null,
        null,
        null,
        null,
        1,
        1,
        null,
        null,
        1,
        null,
        null,
        1,
        1,
        null,
        null,
        null,
        null,
        1,
        null,
        null,
        1,
        null,
        null,
        null,
        null
      ],
      "/Users/ben/Projects/sample_app/config/initializers/application_controller_renderer.rb": [
        null,
        null,
        null,
        null,
        null,
        null
      ],
      "/Users/ben/Projects/sample_app/config/initializers/assets.rb": [
        null,
        null,
        null,
        1,
        null,
        null,
        null,
        null,
        1,
        null,
        null,
        null,
        null,
        null
      ],
      "/Users/ben/Projects/sample_app/config/initializers/backtrace_silencers.rb": [
        null,
        null,
        null,
        null,
        null,
        null,
        null
      ],
      "/Users/ben/Projects/sample_app/config/initializers/cookies_serializer.rb": [
        null,
        null,
        null,
        null,
        1
      ],
      "/Users/ben/Projects/sample_app/config/initializers/filter_parameter_logging.rb": [
        null,
        null,
        null,
        1
      ],
      "/Users/ben/Projects/sample_app/config/initializers/inflections.rb": [
        null,
        null,
        null,
        null,
        null,
        null,
        null,
        null,
        null,
        null,
        null,
        null,
        null,
        null,
        null,
        null
      ],
      "/Users/ben/Projects/sample_app/config/initializers/mime_types.rb": [
        null,
        null,
        null,
        null
      ],
      "/Users/ben/Projects/sample_app/config/initializers/wrap_parameters.rb": [
        null,
        null,
        null,
        null,
        null,
        null,
        1,
        2,
        null,
        null,
        null,
        null,
        null,
        null
      ],
      "/Users/ben/Projects/sample_app/config/routes.rb": [
        1,
        1,
        null,
        null,
        1,
        null,
        1,
        1,
        1,
        1,
        null
      ],
      "/Users/ben/Projects/sample_app/app/helpers/application_helper.rb": [
        1,
        null,
        1,
        11,
        11,
        0,
        null,
        11,
        null,
        null,
        null
      ],
      "/Users/ben/Projects/sample_app/app/helpers/static_pages_helper.rb": [
        1,
        null
      ],
      "/Users/ben/Projects/sample_app/app/helpers/users_helper.rb": [
        1,
        null
      ],
      "/Users/ben/Projects/sample_app/app/controllers/static_pages_controller.rb": [
        1,
        1,
        null,
        null,
        1,
        null,
        null,
        1,
        null,
        null,
        1,
        null,
        null
      ],
      "/Users/ben/Projects/sample_app/app/controllers/application_controller.rb": [
        1,
        1,
        null,
        null
      ],
      "/Users/ben/Projects/sample_app/spec/controllers/users_controller_spec.rb": [
        1,
        null,
        1,
        null,
        1,
        1,
        1,
        1,
        null,
        null,
        null,
        null
      ],
      "/Users/ben/Projects/sample_app/app/controllers/users_controller.rb": [
        1,
        1,
        null,
        null
      ],
      "/Users/ben/Projects/sample_app/spec/features/navigation.html.erb_spec.rb": [
        1,
        1,
        null,
        1,
        null,
        1,
        1,
        null,
        null,
        1,
        1,
        1,
        1,
        null,
        null,
        1,
        1,
        1,
        1,
        null,
        null,
        1,
        1,
        1,
        1,
        null,
        null,
        1,
        1,
        1,
        1,
        null,
        null
      ],
      "/Users/ben/Projects/sample_app/spec/features/title.html.erb_spec.rb": [
        1,
        1,
        null,
        1,
        null,
        1,
        1,
        null,
        null,
        1,
        1,
        1,
        null,
        null,
        1,
        1,
        1,
        null,
        null,
        1,
        1,
        1,
        null,
        null
      ],
      "/Users/ben/Projects/sample_app/spec/helpers/static_pages_helper_spec.rb": [
        1,
        null,
        null,
        null,
        null,
        null,
        null,
        null,
        null,
        null,
        null,
        null,
        1,
        1,
        null
      ],
      "/Users/ben/Projects/sample_app/spec/helpers/users_helper_spec.rb": [
        1,
        null,
        null,
        null,
        null,
        null,
        null,
        null,
        null,
        null,
        null,
        null,
        1,
        1,
        null
      ],
      "/Users/ben/Projects/sample_app/spec/views/static_pages/help.html.erb_spec.rb": [
        1,
        null,
        1,
        1,
        null
      ],
      "/Users/ben/Projects/sample_app/spec/views/static_pages/home.html.erb_spec.rb": [
        1,
        null,
        1,
        1,
        null
      ],
      "/Users/ben/Projects/sample_app/spec/views/users/new.html.erb_spec.rb": [
        1,
        null,
        1,
        1,
        null
      ]
    },
    "timestamp": 1504375480
  }
}
